{"D:\\projects\\node\\nodejs-homework-rest-api\\app.js": {"path":"D:\\projects\\node\\nodejs-homework-rest-api\\app.js","statementMap":{"0":{"start":{"line":1,"column":16},"end":{"line":1,"column":34}},"1":{"start":{"line":2,"column":15},"end":{"line":2,"column":32}},"2":{"start":{"line":3,"column":13},"end":{"line":3,"column":28}},"3":{"start":{"line":4,"column":19},"end":{"line":4,"column":51}},"4":{"start":{"line":5,"column":15},"end":{"line":5,"column":32}},"5":{"start":{"line":6,"column":18},"end":{"line":6,"column":47}},"6":{"start":{"line":8,"column":23},"end":{"line":8,"column":51}},"7":{"start":{"line":9,"column":20},"end":{"line":9,"column":45}},"8":{"start":{"line":11,"column":12},"end":{"line":11,"column":21}},"9":{"start":{"line":13,"column":22},"end":{"line":13,"column":72}},"10":{"start":{"line":15,"column":0},"end":{"line":15,"column":17}},"11":{"start":{"line":16,"column":0},"end":{"line":16,"column":59}},"12":{"start":{"line":18,"column":0},"end":{"line":18,"column":33}},"13":{"start":{"line":20,"column":16},"end":{"line":30,"column":2}},"14":{"start":{"line":24,"column":4},"end":{"line":28,"column":6}},"15":{"start":{"line":31,"column":0},"end":{"line":31,"column":17}},"16":{"start":{"line":32,"column":0},"end":{"line":37,"column":3}},"17":{"start":{"line":39,"column":0},"end":{"line":39,"column":40}},"18":{"start":{"line":40,"column":0},"end":{"line":40,"column":21}},"19":{"start":{"line":42,"column":0},"end":{"line":42,"column":34}},"20":{"start":{"line":43,"column":0},"end":{"line":43,"column":40}},"21":{"start":{"line":45,"column":0},"end":{"line":47,"column":2}},"22":{"start":{"line":46,"column":2},"end":{"line":46,"column":48}},"23":{"start":{"line":49,"column":0},"end":{"line":56,"column":2}},"24":{"start":{"line":50,"column":17},"end":{"line":50,"column":34}},"25":{"start":{"line":51,"column":2},"end":{"line":55,"column":4}},"26":{"start":{"line":58,"column":0},"end":{"line":58,"column":20}}},"fnMap":{"0":{"name":"(anonymous_0)","decl":{"start":{"line":23,"column":11},"end":{"line":23,"column":12}},"loc":{"start":{"line":23,"column":31},"end":{"line":29,"column":3}},"line":23},"1":{"name":"(anonymous_1)","decl":{"start":{"line":45,"column":8},"end":{"line":45,"column":9}},"loc":{"start":{"line":45,"column":22},"end":{"line":47,"column":1}},"line":45},"2":{"name":"(anonymous_2)","decl":{"start":{"line":49,"column":8},"end":{"line":49,"column":9}},"loc":{"start":{"line":49,"column":33},"end":{"line":56,"column":1}},"line":49}},"branchMap":{"0":{"loc":{"start":{"line":13,"column":22},"end":{"line":13,"column":72}},"type":"cond-expr","locations":[{"start":{"line":13,"column":57},"end":{"line":13,"column":62}},{"start":{"line":13,"column":65},"end":{"line":13,"column":72}}],"line":13},"1":{"loc":{"start":{"line":16,"column":0},"end":{"line":16,"column":59}},"type":"binary-expr","locations":[{"start":{"line":16,"column":0},"end":{"line":16,"column":25}},{"start":{"line":16,"column":29},"end":{"line":16,"column":59}}],"line":16},"2":{"loc":{"start":{"line":50,"column":17},"end":{"line":50,"column":34}},"type":"binary-expr","locations":[{"start":{"line":50,"column":17},"end":{"line":50,"column":27}},{"start":{"line":50,"column":31},"end":{"line":50,"column":34}}],"line":50},"3":{"loc":{"start":{"line":52,"column":12},"end":{"line":52,"column":45}},"type":"cond-expr","locations":[{"start":{"line":52,"column":29},"end":{"line":52,"column":35}},{"start":{"line":52,"column":38},"end":{"line":52,"column":45}}],"line":52}},"s":{"0":2,"1":2,"2":2,"3":2,"4":2,"5":2,"6":2,"7":2,"8":2,"9":2,"10":2,"11":2,"12":2,"13":2,"14":0,"15":2,"16":2,"17":2,"18":2,"19":2,"20":2,"21":2,"22":0,"23":2,"24":5,"25":5,"26":2},"f":{"0":0,"1":0,"2":5},"b":{"0":[0,2],"1":[2,0],"2":[5,0],"3":[0,5]},"_coverageSchema":"1a1c01bbd47fc00a2c39e90264f33305004495a9","hash":"a60d8cbae9fc9a8c7ae894a10b5b1bf6e1b999ae"}
,"D:\\projects\\node\\nodejs-homework-rest-api\\config\\passport.js": {"path":"D:\\projects\\node\\nodejs-homework-rest-api\\config\\passport.js","statementMap":{"0":{"start":{"line":1,"column":17},"end":{"line":1,"column":36}},"1":{"start":{"line":2,"column":33},"end":{"line":2,"column":56}},"2":{"start":{"line":3,"column":14},"end":{"line":3,"column":39}},"3":{"start":{"line":5,"column":0},"end":{"line":5,"column":26}},"4":{"start":{"line":6,"column":23},"end":{"line":6,"column":49}},"5":{"start":{"line":8,"column":13},"end":{"line":11,"column":1}},"6":{"start":{"line":13,"column":0},"end":{"line":28,"column":1}},"7":{"start":{"line":15,"column":8},"end":{"line":26,"column":9}},"8":{"start":{"line":16,"column":25},"end":{"line":16,"column":57}},"9":{"start":{"line":17,"column":12},"end":{"line":19,"column":13}},"10":{"start":{"line":18,"column":12},"end":{"line":18,"column":59}},"11":{"start":{"line":20,"column":12},"end":{"line":22,"column":13}},"12":{"start":{"line":21,"column":16},"end":{"line":21,"column":40}},"13":{"start":{"line":23,"column":12},"end":{"line":23,"column":35}},"14":{"start":{"line":25,"column":12},"end":{"line":25,"column":35}}},"fnMap":{"0":{"name":"(anonymous_0)","decl":{"start":{"line":14,"column":23},"end":{"line":14,"column":24}},"loc":{"start":{"line":14,"column":48},"end":{"line":27,"column":5}},"line":14}},"branchMap":{"0":{"loc":{"start":{"line":17,"column":12},"end":{"line":19,"column":13}},"type":"if","locations":[{"start":{"line":17,"column":12},"end":{"line":19,"column":13}},{"start":{"line":17,"column":12},"end":{"line":19,"column":13}}],"line":17},"1":{"loc":{"start":{"line":20,"column":12},"end":{"line":22,"column":13}},"type":"if","locations":[{"start":{"line":20,"column":12},"end":{"line":22,"column":13}},{"start":{"line":20,"column":12},"end":{"line":22,"column":13}}],"line":20}},"s":{"0":2,"1":2,"2":2,"3":2,"4":2,"5":2,"6":2,"7":14,"8":14,"9":14,"10":0,"11":14,"12":0,"13":14,"14":0},"f":{"0":14},"b":{"0":[0,14],"1":[0,14]},"_coverageSchema":"1a1c01bbd47fc00a2c39e90264f33305004495a9","hash":"4c099b4821f422821c6b1613c255d3fe0cc7f269"}
,"D:\\projects\\node\\nodejs-homework-rest-api\\controllers\\contacts.js": {"path":"D:\\projects\\node\\nodejs-homework-rest-api\\controllers\\contacts.js","statementMap":{"0":{"start":{"line":1,"column":17},"end":{"line":1,"column":45}},"1":{"start":{"line":3,"column":15},"end":{"line":20,"column":1}},"2":{"start":{"line":4,"column":2},"end":{"line":19,"column":3}},"3":{"start":{"line":5,"column":19},"end":{"line":5,"column":31}},"4":{"start":{"line":6,"column":47},"end":{"line":6,"column":93}},"5":{"start":{"line":7,"column":4},"end":{"line":16,"column":6}},"6":{"start":{"line":18,"column":4},"end":{"line":18,"column":11}},"7":{"start":{"line":36,"column":16},"end":{"line":58,"column":1}},"8":{"start":{"line":37,"column":2},"end":{"line":57,"column":3}},"9":{"start":{"line":38,"column":19},"end":{"line":38,"column":31}},"10":{"start":{"line":39,"column":20},"end":{"line":39,"column":72}},"11":{"start":{"line":40,"column":4},"end":{"line":54,"column":5}},"12":{"start":{"line":41,"column":6},"end":{"line":45,"column":8}},"13":{"start":{"line":47,"column":6},"end":{"line":53,"column":8}},"14":{"start":{"line":56,"column":4},"end":{"line":56,"column":11}},"15":{"start":{"line":74,"column":22},"end":{"line":94,"column":1}},"16":{"start":{"line":75,"column":2},"end":{"line":93,"column":3}},"17":{"start":{"line":76,"column":21},"end":{"line":76,"column":29}},"18":{"start":{"line":77,"column":22},"end":{"line":77,"column":30}},"19":{"start":{"line":78,"column":19},"end":{"line":78,"column":31}},"20":{"start":{"line":79,"column":20},"end":{"line":79,"column":63}},"21":{"start":{"line":80,"column":4},"end":{"line":90,"column":5}},"22":{"start":{"line":81,"column":6},"end":{"line":87,"column":8}},"23":{"start":{"line":89,"column":6},"end":{"line":89,"column":60}},"24":{"start":{"line":92,"column":4},"end":{"line":92,"column":11}},"25":{"start":{"line":96,"column":22},"end":{"line":118,"column":1}},"26":{"start":{"line":97,"column":2},"end":{"line":117,"column":3}},"27":{"start":{"line":98,"column":19},"end":{"line":98,"column":31}},"28":{"start":{"line":99,"column":20},"end":{"line":99,"column":81}},"29":{"start":{"line":100,"column":4},"end":{"line":114,"column":5}},"30":{"start":{"line":101,"column":6},"end":{"line":105,"column":8}},"31":{"start":{"line":107,"column":6},"end":{"line":113,"column":8}},"32":{"start":{"line":116,"column":4},"end":{"line":116,"column":11}},"33":{"start":{"line":120,"column":22},"end":{"line":141,"column":1}},"34":{"start":{"line":121,"column":2},"end":{"line":140,"column":3}},"35":{"start":{"line":122,"column":19},"end":{"line":122,"column":31}},"36":{"start":{"line":123,"column":19},"end":{"line":123,"column":29}},"37":{"start":{"line":124,"column":20},"end":{"line":124,"column":60}},"38":{"start":{"line":125,"column":4},"end":{"line":137,"column":5}},"39":{"start":{"line":126,"column":6},"end":{"line":130,"column":8}},"40":{"start":{"line":132,"column":6},"end":{"line":136,"column":8}},"41":{"start":{"line":139,"column":4},"end":{"line":139,"column":11}},"42":{"start":{"line":143,"column":21},"end":{"line":174,"column":1}},"43":{"start":{"line":144,"column":2},"end":{"line":173,"column":3}},"44":{"start":{"line":145,"column":19},"end":{"line":145,"column":31}},"45":{"start":{"line":146,"column":19},"end":{"line":146,"column":29}},"46":{"start":{"line":147,"column":21},"end":{"line":147,"column":24}},"47":{"start":{"line":148,"column":20},"end":{"line":148,"column":60}},"48":{"start":{"line":149,"column":4},"end":{"line":170,"column":5}},"49":{"start":{"line":150,"column":6},"end":{"line":154,"column":8}},"50":{"start":{"line":156,"column":6},"end":{"line":169,"column":7}},"51":{"start":{"line":157,"column":8},"end":{"line":164,"column":10}},"52":{"start":{"line":166,"column":8},"end":{"line":168,"column":10}},"53":{"start":{"line":172,"column":4},"end":{"line":172,"column":11}},"54":{"start":{"line":176,"column":16},"end":{"line":184,"column":1}},"55":{"start":{"line":177,"column":6},"end":{"line":183,"column":8}},"56":{"start":{"line":186,"column":19},"end":{"line":194,"column":1}},"57":{"start":{"line":187,"column":6},"end":{"line":193,"column":8}},"58":{"start":{"line":267,"column":0},"end":{"line":276,"column":1}}},"fnMap":{"0":{"name":"(anonymous_0)","decl":{"start":{"line":3,"column":15},"end":{"line":3,"column":16}},"loc":{"start":{"line":3,"column":41},"end":{"line":20,"column":1}},"line":3},"1":{"name":"(anonymous_1)","decl":{"start":{"line":36,"column":16},"end":{"line":36,"column":17}},"loc":{"start":{"line":36,"column":42},"end":{"line":58,"column":1}},"line":36},"2":{"name":"(anonymous_2)","decl":{"start":{"line":74,"column":22},"end":{"line":74,"column":23}},"loc":{"start":{"line":74,"column":48},"end":{"line":94,"column":1}},"line":74},"3":{"name":"(anonymous_3)","decl":{"start":{"line":96,"column":22},"end":{"line":96,"column":23}},"loc":{"start":{"line":96,"column":48},"end":{"line":118,"column":1}},"line":96},"4":{"name":"(anonymous_4)","decl":{"start":{"line":120,"column":22},"end":{"line":120,"column":23}},"loc":{"start":{"line":120,"column":48},"end":{"line":141,"column":1}},"line":120},"5":{"name":"(anonymous_5)","decl":{"start":{"line":143,"column":21},"end":{"line":143,"column":22}},"loc":{"start":{"line":143,"column":47},"end":{"line":174,"column":1}},"line":143},"6":{"name":"(anonymous_6)","decl":{"start":{"line":176,"column":16},"end":{"line":176,"column":17}},"loc":{"start":{"line":176,"column":42},"end":{"line":184,"column":1}},"line":176},"7":{"name":"(anonymous_7)","decl":{"start":{"line":186,"column":19},"end":{"line":186,"column":20}},"loc":{"start":{"line":186,"column":45},"end":{"line":194,"column":1}},"line":186}},"branchMap":{"0":{"loc":{"start":{"line":40,"column":4},"end":{"line":54,"column":5}},"type":"if","locations":[{"start":{"line":40,"column":4},"end":{"line":54,"column":5}},{"start":{"line":40,"column":4},"end":{"line":54,"column":5}}],"line":40},"1":{"loc":{"start":{"line":80,"column":4},"end":{"line":90,"column":5}},"type":"if","locations":[{"start":{"line":80,"column":4},"end":{"line":90,"column":5}},{"start":{"line":80,"column":4},"end":{"line":90,"column":5}}],"line":80},"2":{"loc":{"start":{"line":80,"column":8},"end":{"line":80,"column":21}},"type":"binary-expr","locations":[{"start":{"line":80,"column":8},"end":{"line":80,"column":12}},{"start":{"line":80,"column":16},"end":{"line":80,"column":21}}],"line":80},"3":{"loc":{"start":{"line":100,"column":4},"end":{"line":114,"column":5}},"type":"if","locations":[{"start":{"line":100,"column":4},"end":{"line":114,"column":5}},{"start":{"line":100,"column":4},"end":{"line":114,"column":5}}],"line":100},"4":{"loc":{"start":{"line":125,"column":4},"end":{"line":137,"column":5}},"type":"if","locations":[{"start":{"line":125,"column":4},"end":{"line":137,"column":5}},{"start":{"line":125,"column":4},"end":{"line":137,"column":5}}],"line":125},"5":{"loc":{"start":{"line":149,"column":4},"end":{"line":170,"column":5}},"type":"if","locations":[{"start":{"line":149,"column":4},"end":{"line":170,"column":5}},{"start":{"line":149,"column":4},"end":{"line":170,"column":5}}],"line":149},"6":{"loc":{"start":{"line":156,"column":6},"end":{"line":169,"column":7}},"type":"if","locations":[{"start":{"line":156,"column":6},"end":{"line":169,"column":7}},{"start":{"line":156,"column":6},"end":{"line":169,"column":7}}],"line":156}},"s":{"0":2,"1":2,"2":1,"3":1,"4":1,"5":1,"6":0,"7":2,"8":2,"9":2,"10":2,"11":2,"12":1,"13":1,"14":0,"15":2,"16":1,"17":1,"18":1,"19":1,"20":1,"21":1,"22":1,"23":0,"24":0,"25":2,"26":2,"27":2,"28":2,"29":2,"30":1,"31":1,"32":0,"33":2,"34":0,"35":0,"36":0,"37":0,"38":0,"39":0,"40":0,"41":0,"42":2,"43":2,"44":2,"45":2,"46":2,"47":2,"48":2,"49":1,"50":1,"51":1,"52":0,"53":0,"54":2,"55":0,"56":2,"57":0,"58":2},"f":{"0":1,"1":2,"2":1,"3":2,"4":0,"5":2,"6":0,"7":0},"b":{"0":[1,1],"1":[1,0],"2":[1,1],"3":[1,1],"4":[0,0],"5":[1,1],"6":[1,0]},"_coverageSchema":"1a1c01bbd47fc00a2c39e90264f33305004495a9","hash":"ae1377e07fab7969c84015d48bcca5befbf026c8"}
,"D:\\projects\\node\\nodejs-homework-rest-api\\controllers\\users.js": {"path":"D:\\projects\\node\\nodejs-homework-rest-api\\controllers\\users.js","statementMap":{"0":{"start":{"line":1,"column":14},"end":{"line":1,"column":39}},"1":{"start":{"line":2,"column":21},"end":{"line":2,"column":52}},"2":{"start":{"line":4,"column":12},"end":{"line":4,"column":35}},"3":{"start":{"line":5,"column":13},"end":{"line":5,"column":28}},"4":{"start":{"line":6,"column":11},"end":{"line":6,"column":33}},"5":{"start":{"line":7,"column":13},"end":{"line":7,"column":28}},"6":{"start":{"line":8,"column":19},"end":{"line":8,"column":43}},"7":{"start":{"line":9,"column":22},"end":{"line":9,"column":37}},"8":{"start":{"line":10,"column":0},"end":{"line":10,"column":26}},"9":{"start":{"line":11,"column":23},"end":{"line":11,"column":49}},"10":{"start":{"line":13,"column":0},"end":{"line":17,"column":3}},"11":{"start":{"line":19,"column":22},"end":{"line":19,"column":59}},"12":{"start":{"line":21,"column":12},"end":{"line":46,"column":2}},"13":{"start":{"line":22,"column":22},"end":{"line":22,"column":30}},"14":{"start":{"line":23,"column":17},"end":{"line":23,"column":47}},"15":{"start":{"line":24,"column":4},"end":{"line":30,"column":5}},"16":{"start":{"line":25,"column":8},"end":{"line":29,"column":10}},"17":{"start":{"line":31,"column":4},"end":{"line":45,"column":5}},"18":{"start":{"line":32,"column":24},"end":{"line":32,"column":52}},"19":{"start":{"line":33,"column":8},"end":{"line":42,"column":10}},"20":{"start":{"line":44,"column":8},"end":{"line":44,"column":15}},"21":{"start":{"line":48,"column":14},"end":{"line":68,"column":1}},"22":{"start":{"line":49,"column":32},"end":{"line":49,"column":40}},"23":{"start":{"line":50,"column":17},"end":{"line":50,"column":47}},"24":{"start":{"line":51,"column":28},"end":{"line":51,"column":71}},"25":{"start":{"line":52,"column":4},"end":{"line":58,"column":5}},"26":{"start":{"line":53,"column":8},"end":{"line":57,"column":10}},"27":{"start":{"line":59,"column":20},"end":{"line":59,"column":35}},"28":{"start":{"line":60,"column":18},"end":{"line":60,"column":72}},"29":{"start":{"line":61,"column":4},"end":{"line":61,"column":43}},"30":{"start":{"line":62,"column":8},"end":{"line":67,"column":10}},"31":{"start":{"line":70,"column":15},"end":{"line":77,"column":1}},"32":{"start":{"line":71,"column":15},"end":{"line":71,"column":26}},"33":{"start":{"line":72,"column":4},"end":{"line":72,"column":37}},"34":{"start":{"line":73,"column":4},"end":{"line":76,"column":6}},"35":{"start":{"line":79,"column":21},"end":{"line":92,"column":1}},"36":{"start":{"line":80,"column":19},"end":{"line":80,"column":27}},"37":{"start":{"line":82,"column":41},"end":{"line":82,"column":73}},"38":{"start":{"line":84,"column":4},"end":{"line":84,"column":43}},"39":{"start":{"line":87,"column":4},"end":{"line":91,"column":6}},"40":{"start":{"line":94,"column":19},"end":{"line":117,"column":1}},"41":{"start":{"line":95,"column":27},"end":{"line":95,"column":53}},"42":{"start":{"line":97,"column":21},"end":{"line":97,"column":34}},"43":{"start":{"line":98,"column":26},"end":{"line":98,"column":77}},"44":{"start":{"line":99,"column":16},"end":{"line":99,"column":41}},"45":{"start":{"line":100,"column":4},"end":{"line":103,"column":29}},"46":{"start":{"line":104,"column":4},"end":{"line":111,"column":5}},"47":{"start":{"line":105,"column":8},"end":{"line":108,"column":9}},"48":{"start":{"line":110,"column":8},"end":{"line":110,"column":31}},"49":{"start":{"line":112,"column":22},"end":{"line":112,"column":37}},"50":{"start":{"line":113,"column":4},"end":{"line":115,"column":9}},"51":{"start":{"line":114,"column":8},"end":{"line":114,"column":70}},"52":{"start":{"line":116,"column":4},"end":{"line":116,"column":70}},"53":{"start":{"line":119,"column":30},"end":{"line":131,"column":1}},"54":{"start":{"line":120,"column":21},"end":{"line":120,"column":34}},"55":{"start":{"line":121,"column":64},"end":{"line":127,"column":5}},"56":{"start":{"line":128,"column":4},"end":{"line":128,"column":29}},"57":{"start":{"line":129,"column":4},"end":{"line":129,"column":39}},"58":{"start":{"line":133,"column":0},"end":{"line":138,"column":1}}},"fnMap":{"0":{"name":"(anonymous_0)","decl":{"start":{"line":21,"column":12},"end":{"line":21,"column":13}},"loc":{"start":{"line":21,"column":38},"end":{"line":46,"column":2}},"line":21},"1":{"name":"(anonymous_1)","decl":{"start":{"line":48,"column":14},"end":{"line":48,"column":15}},"loc":{"start":{"line":48,"column":40},"end":{"line":68,"column":1}},"line":48},"2":{"name":"(anonymous_2)","decl":{"start":{"line":70,"column":15},"end":{"line":70,"column":16}},"loc":{"start":{"line":70,"column":41},"end":{"line":77,"column":1}},"line":70},"3":{"name":"(anonymous_3)","decl":{"start":{"line":79,"column":21},"end":{"line":79,"column":22}},"loc":{"start":{"line":79,"column":47},"end":{"line":92,"column":1}},"line":79},"4":{"name":"(anonymous_4)","decl":{"start":{"line":94,"column":19},"end":{"line":94,"column":20}},"loc":{"start":{"line":94,"column":34},"end":{"line":117,"column":1}},"line":94},"5":{"name":"(anonymous_5)","decl":{"start":{"line":119,"column":30},"end":{"line":119,"column":31}},"loc":{"start":{"line":119,"column":45},"end":{"line":131,"column":1}},"line":119}},"branchMap":{"0":{"loc":{"start":{"line":24,"column":4},"end":{"line":30,"column":5}},"type":"if","locations":[{"start":{"line":24,"column":4},"end":{"line":30,"column":5}},{"start":{"line":24,"column":4},"end":{"line":30,"column":5}}],"line":24},"1":{"loc":{"start":{"line":52,"column":4},"end":{"line":58,"column":5}},"type":"if","locations":[{"start":{"line":52,"column":4},"end":{"line":58,"column":5}},{"start":{"line":52,"column":4},"end":{"line":58,"column":5}}],"line":52},"2":{"loc":{"start":{"line":52,"column":8},"end":{"line":52,"column":33}},"type":"binary-expr","locations":[{"start":{"line":52,"column":8},"end":{"line":52,"column":13}},{"start":{"line":52,"column":17},"end":{"line":52,"column":33}}],"line":52},"3":{"loc":{"start":{"line":113,"column":4},"end":{"line":115,"column":9}},"type":"if","locations":[{"start":{"line":113,"column":4},"end":{"line":115,"column":9}},{"start":{"line":113,"column":4},"end":{"line":115,"column":9}}],"line":113}},"s":{"0":2,"1":2,"2":2,"3":2,"4":2,"5":2,"6":2,"7":2,"8":2,"9":2,"10":2,"11":2,"12":2,"13":0,"14":0,"15":0,"16":0,"17":0,"18":0,"19":0,"20":0,"21":2,"22":0,"23":0,"24":0,"25":0,"26":0,"27":0,"28":0,"29":0,"30":0,"31":2,"32":0,"33":0,"34":0,"35":2,"36":1,"37":1,"38":1,"39":1,"40":2,"41":0,"42":0,"43":0,"44":0,"45":0,"46":0,"47":0,"48":0,"49":0,"50":0,"51":0,"52":0,"53":2,"54":1,"55":1,"56":1,"57":1,"58":2},"f":{"0":0,"1":0,"2":0,"3":1,"4":0,"5":1},"b":{"0":[0,0],"1":[0,0],"2":[0,0],"3":[0,0]},"_coverageSchema":"1a1c01bbd47fc00a2c39e90264f33305004495a9","hash":"a7843b85cc8dcdc03b92e7f44c17dc4c807a9ff8"}
,"D:\\projects\\node\\nodejs-homework-rest-api\\helpers\\constants.js": {"path":"D:\\projects\\node\\nodejs-homework-rest-api\\helpers\\constants.js","statementMap":{"0":{"start":{"line":1,"column":15},"end":{"line":5,"column":1}},"1":{"start":{"line":7,"column":17},"end":{"line":16,"column":1}},"2":{"start":{"line":18,"column":0},"end":{"line":21,"column":1}}},"fnMap":{},"branchMap":{},"s":{"0":3,"1":3,"2":3},"f":{},"b":{},"_coverageSchema":"1a1c01bbd47fc00a2c39e90264f33305004495a9","hash":"26e3f3b1c48dcaeaf77d0fa07900cb4ee746363c"}
,"D:\\projects\\node\\nodejs-homework-rest-api\\helpers\\guard.js": {"path":"D:\\projects\\node\\nodejs-homework-rest-api\\helpers\\guard.js","statementMap":{"0":{"start":{"line":1,"column":17},"end":{"line":1,"column":36}},"1":{"start":{"line":2,"column":19},"end":{"line":2,"column":41}},"2":{"start":{"line":3,"column":0},"end":{"line":3,"column":29}},"3":{"start":{"line":5,"column":14},"end":{"line":21,"column":1}},"4":{"start":{"line":6,"column":4},"end":{"line":20,"column":22}},"5":{"start":{"line":7,"column":20},"end":{"line":7,"column":24}},"6":{"start":{"line":8,"column":8},"end":{"line":10,"column":9}},"7":{"start":{"line":9,"column":12},"end":{"line":9,"column":59}},"8":{"start":{"line":11,"column":8},"end":{"line":17,"column":9}},"9":{"start":{"line":12,"column":12},"end":{"line":16,"column":14}},"10":{"start":{"line":18,"column":8},"end":{"line":18,"column":23}},"11":{"start":{"line":19,"column":8},"end":{"line":19,"column":21}},"12":{"start":{"line":23,"column":0},"end":{"line":23,"column":22}}},"fnMap":{"0":{"name":"(anonymous_0)","decl":{"start":{"line":5,"column":14},"end":{"line":5,"column":15}},"loc":{"start":{"line":5,"column":34},"end":{"line":21,"column":1}},"line":5},"1":{"name":"(anonymous_1)","decl":{"start":{"line":6,"column":53},"end":{"line":6,"column":54}},"loc":{"start":{"line":6,"column":68},"end":{"line":20,"column":5}},"line":6}},"branchMap":{"0":{"loc":{"start":{"line":8,"column":8},"end":{"line":10,"column":9}},"type":"if","locations":[{"start":{"line":8,"column":8},"end":{"line":10,"column":9}},{"start":{"line":8,"column":8},"end":{"line":10,"column":9}}],"line":8},"1":{"loc":{"start":{"line":11,"column":8},"end":{"line":17,"column":9}},"type":"if","locations":[{"start":{"line":11,"column":8},"end":{"line":17,"column":9}},{"start":{"line":11,"column":8},"end":{"line":17,"column":9}}],"line":11},"2":{"loc":{"start":{"line":11,"column":12},"end":{"line":11,"column":48}},"type":"binary-expr","locations":[{"start":{"line":11,"column":12},"end":{"line":11,"column":17}},{"start":{"line":11,"column":21},"end":{"line":11,"column":24}},{"start":{"line":11,"column":28},"end":{"line":11,"column":48}}],"line":11}},"s":{"0":2,"1":2,"2":2,"3":2,"4":14,"5":14,"6":14,"7":14,"8":14,"9":0,"10":14,"11":14,"12":2},"f":{"0":14,"1":14},"b":{"0":[14,0],"1":[0,14],"2":[14,14,14]},"_coverageSchema":"1a1c01bbd47fc00a2c39e90264f33305004495a9","hash":"16e976751178779ece36968d82432907b9c45611"}
,"D:\\projects\\node\\nodejs-homework-rest-api\\helpers\\role.js": {"path":"D:\\projects\\node\\nodejs-homework-rest-api\\helpers\\role.js","statementMap":{"0":{"start":{"line":1,"column":21},"end":{"line":1,"column":43}},"1":{"start":{"line":3,"column":13},"end":{"line":13,"column":1}},"2":{"start":{"line":3,"column":23},"end":{"line":13,"column":1}},"3":{"start":{"line":4,"column":21},"end":{"line":4,"column":36}},"4":{"start":{"line":5,"column":8},"end":{"line":11,"column":9}},"5":{"start":{"line":6,"column":12},"end":{"line":10,"column":14}},"6":{"start":{"line":12,"column":8},"end":{"line":12,"column":21}},"7":{"start":{"line":15,"column":0},"end":{"line":15,"column":21}}},"fnMap":{"0":{"name":"(anonymous_0)","decl":{"start":{"line":3,"column":13},"end":{"line":3,"column":14}},"loc":{"start":{"line":3,"column":23},"end":{"line":13,"column":1}},"line":3},"1":{"name":"(anonymous_1)","decl":{"start":{"line":3,"column":23},"end":{"line":3,"column":24}},"loc":{"start":{"line":3,"column":43},"end":{"line":13,"column":1}},"line":3}},"branchMap":{"0":{"loc":{"start":{"line":5,"column":8},"end":{"line":11,"column":9}},"type":"if","locations":[{"start":{"line":5,"column":8},"end":{"line":11,"column":9}},{"start":{"line":5,"column":8},"end":{"line":11,"column":9}}],"line":5}},"s":{"0":3,"1":3,"2":6,"3":2,"4":2,"5":1,"6":1,"7":3},"f":{"0":6,"1":2},"b":{"0":[1,1]},"_coverageSchema":"1a1c01bbd47fc00a2c39e90264f33305004495a9","hash":"1e301308b5267b38e99bcfdf3925ec1e7a536fef"}
,"D:\\projects\\node\\nodejs-homework-rest-api\\helpers\\upload-avatar.js": {"path":"D:\\projects\\node\\nodejs-homework-rest-api\\helpers\\upload-avatar.js","statementMap":{"0":{"start":{"line":1,"column":15},"end":{"line":1,"column":32}},"1":{"start":{"line":2,"column":13},"end":{"line":2,"column":28}},"2":{"start":{"line":3,"column":0},"end":{"line":3,"column":26}},"3":{"start":{"line":4,"column":19},"end":{"line":4,"column":67}},"4":{"start":{"line":6,"column":16},"end":{"line":13,"column":2}},"5":{"start":{"line":8,"column":4},"end":{"line":8,"column":24}},"6":{"start":{"line":11,"column":4},"end":{"line":11,"column":31}},"7":{"start":{"line":15,"column":15},"end":{"line":27,"column":2}},"8":{"start":{"line":19,"column":4},"end":{"line":22,"column":5}},"9":{"start":{"line":20,"column":6},"end":{"line":20,"column":20}},"10":{"start":{"line":21,"column":6},"end":{"line":21,"column":12}},"11":{"start":{"line":23,"column":16},"end":{"line":23,"column":52}},"12":{"start":{"line":24,"column":4},"end":{"line":24,"column":20}},"13":{"start":{"line":25,"column":4},"end":{"line":25,"column":11}},"14":{"start":{"line":29,"column":0},"end":{"line":29,"column":23}}},"fnMap":{"0":{"name":"(anonymous_0)","decl":{"start":{"line":7,"column":15},"end":{"line":7,"column":16}},"loc":{"start":{"line":7,"column":40},"end":{"line":9,"column":3}},"line":7},"1":{"name":"(anonymous_1)","decl":{"start":{"line":10,"column":12},"end":{"line":10,"column":13}},"loc":{"start":{"line":10,"column":37},"end":{"line":12,"column":3}},"line":10},"2":{"name":"(anonymous_2)","decl":{"start":{"line":18,"column":14},"end":{"line":18,"column":15}},"loc":{"start":{"line":18,"column":33},"end":{"line":26,"column":3}},"line":18}},"branchMap":{"0":{"loc":{"start":{"line":19,"column":4},"end":{"line":22,"column":5}},"type":"if","locations":[{"start":{"line":19,"column":4},"end":{"line":22,"column":5}},{"start":{"line":19,"column":4},"end":{"line":22,"column":5}}],"line":19}},"s":{"0":2,"1":2,"2":2,"3":2,"4":2,"5":1,"6":1,"7":2,"8":1,"9":1,"10":1,"11":0,"12":0,"13":0,"14":2},"f":{"0":1,"1":1,"2":1},"b":{"0":[1,0]},"_coverageSchema":"1a1c01bbd47fc00a2c39e90264f33305004495a9","hash":"7f2e00c1b396e274d197e764e116e1a3a16a2af7"}
,"D:\\projects\\node\\nodejs-homework-rest-api\\routes\\contacts\\index.js": {"path":"D:\\projects\\node\\nodejs-homework-rest-api\\routes\\contacts\\index.js","statementMap":{"0":{"start":{"line":1,"column":16},"end":{"line":1,"column":34}},"1":{"start":{"line":2,"column":15},"end":{"line":2,"column":31}},"2":{"start":{"line":3,"column":18},"end":{"line":3,"column":55}},"3":{"start":{"line":11,"column":4},"end":{"line":11,"column":43}},"4":{"start":{"line":13,"column":17},"end":{"line":13,"column":51}},"5":{"start":{"line":14,"column":13},"end":{"line":14,"column":42}},"6":{"start":{"line":15,"column":14},"end":{"line":15,"column":44}},"7":{"start":{"line":18,"column":0},"end":{"line":20,"column":69}},"8":{"start":{"line":22,"column":0},"end":{"line":22,"column":63}},"9":{"start":{"line":23,"column":0},"end":{"line":23,"column":70}},"10":{"start":{"line":25,"column":0},"end":{"line":28,"column":49}},"11":{"start":{"line":30,"column":0},"end":{"line":31,"column":87}},"12":{"start":{"line":34,"column":0},"end":{"line":34,"column":23}}},"fnMap":{},"branchMap":{},"s":{"0":2,"1":2,"2":2,"3":2,"4":2,"5":2,"6":2,"7":2,"8":2,"9":2,"10":2,"11":2,"12":2},"f":{},"b":{},"_coverageSchema":"1a1c01bbd47fc00a2c39e90264f33305004495a9","hash":"74aff6fb51bbbc881b9f63a21523a22dbc071f1c"}
,"D:\\projects\\node\\nodejs-homework-rest-api\\routes\\contacts\\validator-router.js": {"path":"D:\\projects\\node\\nodejs-homework-rest-api\\routes\\contacts\\validator-router.js","statementMap":{"0":{"start":{"line":1,"column":12},"end":{"line":1,"column":26}},"1":{"start":{"line":2,"column":17},"end":{"line":2,"column":36}},"2":{"start":{"line":4,"column":28},"end":{"line":15,"column":2}},"3":{"start":{"line":17,"column":27},"end":{"line":24,"column":34}},"4":{"start":{"line":26,"column":28},"end":{"line":38,"column":31}},"5":{"start":{"line":40,"column":34},"end":{"line":42,"column":2}},"6":{"start":{"line":44,"column":17},"end":{"line":51,"column":1}},"7":{"start":{"line":45,"column":4},"end":{"line":50,"column":5}},"8":{"start":{"line":46,"column":8},"end":{"line":46,"column":39}},"9":{"start":{"line":47,"column":8},"end":{"line":47,"column":21}},"10":{"start":{"line":49,"column":8},"end":{"line":49,"column":67}},"11":{"start":{"line":53,"column":0},"end":{"line":72,"column":1}},"12":{"start":{"line":55,"column":8},"end":{"line":55,"column":66}},"13":{"start":{"line":58,"column":8},"end":{"line":58,"column":66}},"14":{"start":{"line":61,"column":8},"end":{"line":63,"column":9}},"15":{"start":{"line":62,"column":12},"end":{"line":62,"column":67}},"16":{"start":{"line":64,"column":8},"end":{"line":64,"column":14}},"17":{"start":{"line":67,"column":8},"end":{"line":67,"column":72}},"18":{"start":{"line":70,"column":8},"end":{"line":70,"column":66}}},"fnMap":{"0":{"name":"(anonymous_0)","decl":{"start":{"line":44,"column":17},"end":{"line":44,"column":18}},"loc":{"start":{"line":44,"column":46},"end":{"line":51,"column":1}},"line":44},"1":{"name":"(anonymous_1)","decl":{"start":{"line":54,"column":29},"end":{"line":54,"column":30}},"loc":{"start":{"line":54,"column":55},"end":{"line":56,"column":5}},"line":54},"2":{"name":"(anonymous_2)","decl":{"start":{"line":57,"column":29},"end":{"line":57,"column":30}},"loc":{"start":{"line":57,"column":55},"end":{"line":59,"column":5}},"line":57},"3":{"name":"(anonymous_3)","decl":{"start":{"line":60,"column":24},"end":{"line":60,"column":25}},"loc":{"start":{"line":60,"column":50},"end":{"line":65,"column":5}},"line":60},"4":{"name":"(anonymous_4)","decl":{"start":{"line":66,"column":35},"end":{"line":66,"column":36}},"loc":{"start":{"line":66,"column":61},"end":{"line":68,"column":5}},"line":66},"5":{"name":"(anonymous_5)","decl":{"start":{"line":69,"column":28},"end":{"line":69,"column":29}},"loc":{"start":{"line":69,"column":54},"end":{"line":71,"column":5}},"line":69}},"branchMap":{"0":{"loc":{"start":{"line":61,"column":8},"end":{"line":63,"column":9}},"type":"if","locations":[{"start":{"line":61,"column":8},"end":{"line":63,"column":9}},{"start":{"line":61,"column":8},"end":{"line":63,"column":9}}],"line":61}},"s":{"0":2,"1":2,"2":2,"3":2,"4":2,"5":2,"6":2,"7":10,"8":10,"9":6,"10":4,"11":2,"12":3,"13":3,"14":3,"15":1,"16":2,"17":3,"18":1},"f":{"0":10,"1":3,"2":3,"3":3,"4":3,"5":1},"b":{"0":[1,2]},"_coverageSchema":"1a1c01bbd47fc00a2c39e90264f33305004495a9","hash":"69cc5c2acb8144a828f23f573ccaeb22f5bece79"}
,"D:\\projects\\node\\nodejs-homework-rest-api\\routes\\users\\index.js": {"path":"D:\\projects\\node\\nodejs-homework-rest-api\\routes\\users\\index.js","statementMap":{"0":{"start":{"line":1,"column":16},"end":{"line":1,"column":34}},"1":{"start":{"line":2,"column":15},"end":{"line":2,"column":31}},"2":{"start":{"line":3,"column":18},"end":{"line":3,"column":52}},"3":{"start":{"line":4,"column":14},"end":{"line":4,"column":44}},"4":{"start":{"line":5,"column":18},"end":{"line":5,"column":47}},"5":{"start":{"line":6,"column":21},"end":{"line":6,"column":59}},"6":{"start":{"line":8,"column":16},"end":{"line":18,"column":2}},"7":{"start":{"line":12,"column":4},"end":{"line":16,"column":6}},"8":{"start":{"line":20,"column":0},"end":{"line":20,"column":46}},"9":{"start":{"line":21,"column":0},"end":{"line":21,"column":38}},"10":{"start":{"line":22,"column":0},"end":{"line":22,"column":47}},"11":{"start":{"line":24,"column":0},"end":{"line":24,"column":86}},"12":{"start":{"line":26,"column":0},"end":{"line":26,"column":23}}},"fnMap":{"0":{"name":"(anonymous_0)","decl":{"start":{"line":11,"column":11},"end":{"line":11,"column":12}},"loc":{"start":{"line":11,"column":31},"end":{"line":17,"column":3}},"line":11}},"branchMap":{},"s":{"0":2,"1":2,"2":2,"3":2,"4":2,"5":2,"6":2,"7":0,"8":2,"9":2,"10":2,"11":2,"12":2},"f":{"0":0},"b":{},"_coverageSchema":"1a1c01bbd47fc00a2c39e90264f33305004495a9","hash":"0548c2a5964b7f5e6760ac07667721724b024028"}
}
