TN:
SF:app.js
FN:23,(anonymous_0)
FN:45,(anonymous_1)
FN:49,(anonymous_2)
FNF:3
FNH:1
FNDA:0,(anonymous_0)
FNDA:0,(anonymous_1)
FNDA:5,(anonymous_2)
DA:1,2
DA:2,2
DA:3,2
DA:4,2
DA:5,2
DA:6,2
DA:8,2
DA:9,2
DA:11,2
DA:13,2
DA:15,2
DA:16,2
DA:18,2
DA:20,2
DA:24,0
DA:31,2
DA:32,2
DA:39,2
DA:40,2
DA:42,2
DA:43,2
DA:45,2
DA:46,0
DA:49,2
DA:50,5
DA:51,5
DA:58,2
LF:27
LH:25
BRDA:13,0,0,0
BRDA:13,0,1,2
BRDA:16,1,0,2
BRDA:16,1,1,0
BRDA:50,2,0,5
BRDA:50,2,1,0
BRDA:52,3,0,0
BRDA:52,3,1,5
BRF:8
BRH:4
end_of_record
TN:
SF:config\passport.js
FN:14,(anonymous_0)
FNF:1
FNH:1
FNDA:14,(anonymous_0)
DA:1,2
DA:2,2
DA:3,2
DA:5,2
DA:6,2
DA:8,2
DA:13,2
DA:15,14
DA:16,14
DA:17,14
DA:18,0
DA:20,14
DA:21,0
DA:23,14
DA:25,0
LF:15
LH:12
BRDA:17,0,0,0
BRDA:17,0,1,14
BRDA:20,1,0,0
BRDA:20,1,1,14
BRF:4
BRH:2
end_of_record
TN:
SF:controllers\contacts.js
FN:3,(anonymous_0)
FN:36,(anonymous_1)
FN:74,(anonymous_2)
FN:96,(anonymous_3)
FN:120,(anonymous_4)
FN:143,(anonymous_5)
FN:176,(anonymous_6)
FN:186,(anonymous_7)
FNF:8
FNH:5
FNDA:1,(anonymous_0)
FNDA:2,(anonymous_1)
FNDA:1,(anonymous_2)
FNDA:2,(anonymous_3)
FNDA:0,(anonymous_4)
FNDA:2,(anonymous_5)
FNDA:0,(anonymous_6)
FNDA:0,(anonymous_7)
DA:1,2
DA:3,2
DA:4,1
DA:5,1
DA:6,1
DA:7,1
DA:18,0
DA:36,2
DA:37,2
DA:38,2
DA:39,2
DA:40,2
DA:41,1
DA:47,1
DA:56,0
DA:74,2
DA:75,1
DA:76,1
DA:77,1
DA:78,1
DA:79,1
DA:80,1
DA:81,1
DA:89,0
DA:92,0
DA:96,2
DA:97,2
DA:98,2
DA:99,2
DA:100,2
DA:101,1
DA:107,1
DA:116,0
DA:120,2
DA:121,0
DA:122,0
DA:123,0
DA:124,0
DA:125,0
DA:126,0
DA:132,0
DA:139,0
DA:143,2
DA:144,2
DA:145,2
DA:146,2
DA:147,2
DA:148,2
DA:149,2
DA:150,1
DA:156,1
DA:157,1
DA:166,0
DA:172,0
DA:176,2
DA:177,0
DA:186,2
DA:187,0
DA:267,2
LF:59
LH:42
BRDA:40,0,0,1
BRDA:40,0,1,1
BRDA:80,1,0,1
BRDA:80,1,1,0
BRDA:80,2,0,1
BRDA:80,2,1,1
BRDA:100,3,0,1
BRDA:100,3,1,1
BRDA:125,4,0,0
BRDA:125,4,1,0
BRDA:149,5,0,1
BRDA:149,5,1,1
BRDA:156,6,0,1
BRDA:156,6,1,0
BRF:14
BRH:10
end_of_record
TN:
SF:controllers\users.js
FN:21,(anonymous_0)
FN:48,(anonymous_1)
FN:70,(anonymous_2)
FN:79,(anonymous_3)
FN:94,(anonymous_4)
FN:119,(anonymous_5)
FNF:6
FNH:2
FNDA:0,(anonymous_0)
FNDA:0,(anonymous_1)
FNDA:0,(anonymous_2)
FNDA:1,(anonymous_3)
FNDA:0,(anonymous_4)
FNDA:1,(anonymous_5)
DA:1,2
DA:2,2
DA:4,2
DA:5,2
DA:6,2
DA:7,2
DA:8,2
DA:9,2
DA:10,2
DA:11,2
DA:13,2
DA:19,2
DA:21,2
DA:22,0
DA:23,0
DA:24,0
DA:25,0
DA:31,0
DA:32,0
DA:33,0
DA:44,0
DA:48,2
DA:49,0
DA:50,0
DA:51,0
DA:52,0
DA:53,0
DA:59,0
DA:60,0
DA:61,0
DA:62,0
DA:70,2
DA:71,0
DA:72,0
DA:73,0
DA:79,2
DA:80,1
DA:82,1
DA:84,1
DA:87,1
DA:94,2
DA:95,0
DA:97,0
DA:98,0
DA:99,0
DA:100,0
DA:104,0
DA:105,0
DA:110,0
DA:112,0
DA:113,0
DA:114,0
DA:116,0
DA:119,2
DA:120,1
DA:121,1
DA:128,1
DA:129,1
DA:133,2
LF:59
LH:27
BRDA:24,0,0,0
BRDA:24,0,1,0
BRDA:52,1,0,0
BRDA:52,1,1,0
BRDA:52,2,0,0
BRDA:52,2,1,0
BRDA:113,3,0,0
BRDA:113,3,1,0
BRF:8
BRH:0
end_of_record
TN:
SF:helpers\constants.js
FNF:0
FNH:0
DA:1,3
DA:7,3
DA:18,3
LF:3
LH:3
BRF:0
BRH:0
end_of_record
TN:
SF:helpers\guard.js
FN:5,(anonymous_0)
FN:6,(anonymous_1)
FNF:2
FNH:2
FNDA:14,(anonymous_0)
FNDA:14,(anonymous_1)
DA:1,2
DA:2,2
DA:3,2
DA:5,2
DA:6,14
DA:7,14
DA:8,14
DA:9,14
DA:11,14
DA:12,0
DA:18,14
DA:19,14
DA:23,2
LF:13
LH:12
BRDA:8,0,0,14
BRDA:8,0,1,0
BRDA:11,1,0,0
BRDA:11,1,1,14
BRDA:11,2,0,14
BRDA:11,2,1,14
BRDA:11,2,2,14
BRF:7
BRH:5
end_of_record
TN:
SF:helpers\role.js
FN:3,(anonymous_0)
FN:3,(anonymous_1)
FNF:2
FNH:2
FNDA:6,(anonymous_0)
FNDA:2,(anonymous_1)
DA:1,3
DA:3,6
DA:4,2
DA:5,2
DA:6,1
DA:12,1
DA:15,3
LF:7
LH:7
BRDA:5,0,0,1
BRDA:5,0,1,1
BRF:2
BRH:2
end_of_record
TN:
SF:helpers\upload-avatar.js
FN:7,(anonymous_0)
FN:10,(anonymous_1)
FN:18,(anonymous_2)
FNF:3
FNH:3
FNDA:1,(anonymous_0)
FNDA:1,(anonymous_1)
FNDA:1,(anonymous_2)
DA:1,2
DA:2,2
DA:3,2
DA:4,2
DA:6,2
DA:8,1
DA:11,1
DA:15,2
DA:19,1
DA:20,1
DA:21,1
DA:23,0
DA:24,0
DA:25,0
DA:29,2
LF:15
LH:12
BRDA:19,0,0,1
BRDA:19,0,1,0
BRF:2
BRH:1
end_of_record
TN:
SF:routes\contacts\index.js
FNF:0
FNH:0
DA:1,2
DA:2,2
DA:3,2
DA:11,2
DA:13,2
DA:14,2
DA:15,2
DA:18,2
DA:22,2
DA:23,2
DA:25,2
DA:30,2
DA:34,2
LF:13
LH:13
BRF:0
BRH:0
end_of_record
TN:
SF:routes\contacts\validator-router.js
FN:44,(anonymous_0)
FN:54,(anonymous_1)
FN:57,(anonymous_2)
FN:60,(anonymous_3)
FN:66,(anonymous_4)
FN:69,(anonymous_5)
FNF:6
FNH:6
FNDA:10,(anonymous_0)
FNDA:3,(anonymous_1)
FNDA:3,(anonymous_2)
FNDA:3,(anonymous_3)
FNDA:3,(anonymous_4)
FNDA:1,(anonymous_5)
DA:1,2
DA:2,2
DA:4,2
DA:17,2
DA:26,2
DA:40,2
DA:44,2
DA:45,10
DA:46,10
DA:47,6
DA:49,4
DA:53,2
DA:55,3
DA:58,3
DA:61,3
DA:62,1
DA:64,2
DA:67,3
DA:70,1
LF:19
LH:19
BRDA:61,0,0,1
BRDA:61,0,1,2
BRF:2
BRH:2
end_of_record
TN:
SF:routes\users\index.js
FN:11,(anonymous_0)
FNF:1
FNH:0
FNDA:0,(anonymous_0)
DA:1,2
DA:2,2
DA:3,2
DA:4,2
DA:5,2
DA:6,2
DA:8,2
DA:12,0
DA:20,2
DA:21,2
DA:22,2
DA:24,2
DA:26,2
LF:13
LH:12
BRF:0
BRH:0
end_of_record
